0 info it worked if it ends with ok
1 verbose cli [
1 verbose cli   '/usr/local/bin/node',
1 verbose cli   '/usr/local/lib/node_modules/npm/bin/npm-cli.js',
1 verbose cli   'run',
1 verbose cli   'start',
1 verbose cli   '--scripts-prepend-node-path=auto'
1 verbose cli ]
2 info using npm@6.14.15
3 info using node@v14.17.6
4 verbose stack Error: Failed to parse json
4 verbose stack Unexpected token < in JSON at position 337 while parsing near '...r/cdk": "^12.2.13",
4 verbose stack <<<<<<< HEAD
4 verbose stack     "@a...'
4 verbose stack     at parseError (/usr/local/lib/node_modules/npm/node_modules/read-package-json/read-json.js:470:11)
4 verbose stack     at parseJson (/usr/local/lib/node_modules/npm/node_modules/read-package-json/read-json.js:105:26)
4 verbose stack     at /usr/local/lib/node_modules/npm/node_modules/read-package-json/read-json.js:52:5
4 verbose stack     at /usr/local/lib/node_modules/npm/node_modules/graceful-fs/graceful-fs.js:123:16
4 verbose stack     at FSReqCallback.readFileAfterClose [as oncomplete] (internal/fs/read_file_context.js:73:3)
5 verbose cwd /Users/dr/stackOverflowSearh
6 verbose Darwin 21.4.0
7 verbose argv "/usr/local/bin/node" "/usr/local/lib/node_modules/npm/bin/npm-cli.js" "run" "start" "--scripts-prepend-node-path=auto"
8 verbose node v14.17.6
9 verbose npm  v6.14.15
10 error code EJSONPARSE
11 error file /Users/dr/stackOverflowSearh/package.json
12 error Merge conflict detected in your package.json.
12 error
12 error Please resolve the package.json conflict and retry the command:
12 error
12 error $ /usr/local/bin/node /usr/local/lib/node_modules/npm/bin/npm-cli.js run start --scripts-prepend-node-path=auto
13 verbose exit [ 1, true ]
