0 info it worked if it ends with ok
1 verbose cli [
1 verbose cli   '/usr/local/bin/node',
1 verbose cli   '/usr/local/lib/node_modules/npm/bin/npm-cli.js',
1 verbose cli   'run',
1 verbose cli   'start',
1 verbose cli   '--scripts-prepend-node-path=auto'
1 verbose cli ]
2 info using npm@6.14.15
3 info using node@v14.17.6
4 verbose run-script [ 'prestart', 'start', 'poststart' ]
5 info lifecycle stack-overflow-searh@0.0.0~prestart: stack-overflow-searh@0.0.0
6 info lifecycle stack-overflow-searh@0.0.0~start: stack-overflow-searh@0.0.0
7 verbose lifecycle stack-overflow-searh@0.0.0~start: unsafe-perm in lifecycle true
8 verbose lifecycle stack-overflow-searh@0.0.0~start: PATH: /usr/local/lib/node_modules/npm/node_modules/npm-lifecycle/node-gyp-bin:/Users/dr/stackOverflowSearh/node_modules/.bin:/usr/local/bin:/usr/bin:/bin:/usr/sbin:/sbin
9 verbose lifecycle stack-overflow-searh@0.0.0~start: CWD: /Users/dr/stackOverflowSearh
10 silly lifecycle stack-overflow-searh@0.0.0~start: Args: [ '-c', 'ng serve' ]
11 info lifecycle stack-overflow-searh@0.0.0~start: Failed to exec start script
12 verbose stack Error: stack-overflow-searh@0.0.0 start: `ng serve`
12 verbose stack spawn ENOENT
12 verbose stack     at ChildProcess.<anonymous> (/usr/local/lib/node_modules/npm/node_modules/npm-lifecycle/lib/spawn.js:48:18)
12 verbose stack     at ChildProcess.emit (events.js:400:28)
12 verbose stack     at maybeClose (internal/child_process.js:1055:16)
12 verbose stack     at Process.ChildProcess._handle.onexit (internal/child_process.js:288:5)
13 verbose pkgid stack-overflow-searh@0.0.0
14 verbose cwd /Users/dr/stackOverflowSearh
15 verbose Darwin 21.4.0
16 verbose argv "/usr/local/bin/node" "/usr/local/lib/node_modules/npm/bin/npm-cli.js" "run" "start" "--scripts-prepend-node-path=auto"
17 verbose node v14.17.6
18 verbose npm  v6.14.15
19 error code ELIFECYCLE
20 error syscall spawn
21 error file sh
22 error errno ENOENT
23 error stack-overflow-searh@0.0.0 start: `ng serve`
23 error spawn ENOENT
24 error Failed at the stack-overflow-searh@0.0.0 start script.
24 error This is probably not a problem with npm. There is likely additional logging output above.
25 verbose exit [ 1, true ]
